[debug] [2022-08-05T20:14:31.166Z] ----------------------------------------------------------------------
[debug] [2022-08-05T20:14:31.168Z] Command:       C:\Program Files\nodejs\node.exe C:\Users\RusiriJ\AppData\Roaming\npm\node_modules\firebase-tools\lib\bin\firebase.js init
[debug] [2022-08-05T20:14:31.169Z] CLI Version:   10.7.1
[debug] [2022-08-05T20:14:31.169Z] Platform:      win32
[debug] [2022-08-05T20:14:31.169Z] Node Version:  v14.15.0
[debug] [2022-08-05T20:14:31.170Z] Time:          Sat Aug 06 2022 01:44:31 GMT+0530 (India Standard Time)
[debug] [2022-08-05T20:14:31.170Z] ----------------------------------------------------------------------
[debug] 
[debug] [2022-08-05T20:14:31.236Z] > command requires scopes: ["email","openid","https://www.googleapis.com/auth/cloudplatformprojects.readonly","https://www.googleapis.com/auth/firebase","https://www.googleapis.com/auth/cloud-platform"]
[debug] [2022-08-05T20:14:31.236Z] > authorizing via signed-in user (smartricecare@gmail.com)
[info] 
     ######## #### ########  ######## ########     ###     ######  ########
     ##        ##  ##     ## ##       ##     ##  ##   ##  ##       ##
     ######    ##  ########  ######   ########  #########  ######  ######
     ##        ##  ##    ##  ##       ##     ## ##     ##       ## ##
     ##       #### ##     ## ######## ########  ##     ##  ######  ########

You're about to initialize a Firebase project in this directory:

  E:\finalYear\4223-groupProject\repository\Effective-identification-of-Nitrogen-Fertilizer-demand-for-Paddy-Cultivation-using-UAVs\web

Before we get started, keep in mind:

  * You are initializing within an existing Firebase project directory

[info] 
=== Project Setup
[info] 
[info] First, let's associate this project directory with a Firebase project.
[info] You can create multiple project aliases by running firebase use --add, 
[info] but for now we'll just set up a default project.
[info] 
[debug] [2022-08-05T20:14:38.746Z] >>> [apiv2][query] GET https://firebase.googleapis.com/v1beta1/projects pageSize=100
[debug] [2022-08-05T20:14:39.699Z] <<< [apiv2][status] GET https://firebase.googleapis.com/v1beta1/projects 200
[debug] [2022-08-05T20:14:39.699Z] <<< [apiv2][body] GET https://firebase.googleapis.com/v1beta1/projects [omitted]
[info] i  Using project smart-rice-care (Smart Rice Care) 
[info] 
=== Hosting Setup
[info] 
[info] Your public directory is the folder (relative to your project directory) that
[info] will contain Hosting assets to be uploaded with firebase deploy. If you
[info] have a build process for your assets, use your build's output directory.
[info] 
